============================= test session starts ==============================
platform darwin -- Python 3.14.4, pytest-9.1.1, pluggy-1.6.0 -- /Users/jaymebird/source/replayhouse/.venv/bin/python3.14
cachedir: .pytest_cache
rootdir: /Users/jaymebird/source/replayhouse
configfile: pyproject.toml
collecting ... collected 30 items

tests/test_eviction.py::test_evict_noop_without_capacity PASSED          [  3%]
tests/test_eviction.py::test_fifo_drops_oldest_partitions PASSED         [  6%]
tests/test_eviction.py::test_fifo_never_drops_last_partition PASSED      [ 10%]
tests/test_eviction.py::test_lowest_priority_deletes_bottom_rows PASSED  [ 13%]
tests/test_eviction.py::test_evict_cleans_orphans_even_when_under_capacity PASSED [ 16%]
tests/test_eviction.py::test_lowest_priority_evicts_to_capacity_despite_preexisting_orphans PASSED [ 20%]
tests/test_ddl.py::test_validate_name_rejects_injection PASSED           [ 23%]
tests/test_ddl.py::test_parse_size PASSED                                [ 26%]
tests/test_ddl.py::test_create_makes_main_and_sidecar_with_config PASSED [ 30%]
tests/test_ddl.py::test_create_rejects_reserved_and_bad_columns PASSED   [ 33%]
tests/test_ddl.py::test_create_rejects_priority_column PASSED            [ 36%]
tests/test_ddl.py::test_drop_removes_both_tables PASSED                  [ 40%]
tests/test_ddl.py::test_create_rolls_back_main_table_on_sidecar_failure PASSED [ 43%]
tests/test_insert.py::test_insert_writes_main_and_sidecar PASSED         [ 46%]
tests/test_insert.py::test_insert_default_and_explicit_priority PASSED   [ 50%]
tests/test_insert.py::test_insert_preserves_provided_ids PASSED          [ 53%]
tests/test_insert.py::test_insert_accepts_pandas PASSED                  [ 56%]
tests/test_insert.py::test_insert_rejects_garbage PASSED                 [ 60%]
tests/test_sampling.py::test_phase1_sql_default_uses_sidecar_only PASSED [ 63%]
tests/test_sampling.py::test_phase1_sql_where_adds_semijoin PASSED       [ 66%]
tests/test_sampling.py::test_phase1_sql_main_column_skips_sidecar PASSED [ 70%]
tests/test_sampling.py::test_phase1_sql_mixed_expression_joins PASSED    [ 73%]
tests/test_sampling.py::test_validate_ids PASSED                         [ 76%]
tests/test_sampling.py::test_sample_without_replacement_and_k PASSED     [ 80%]
tests/test_sampling.py::test_sample_more_than_population_returns_all PASSED [ 83%]
tests/test_sampling.py::test_sample_excludes_nonpositive_priority PASSED [ 86%]
tests/test_sampling.py::test_sample_respects_where PASSED                [ 90%]
tests/test_sampling.py::test_sample_by_main_column PASSED                [ 93%]
tests/test_sampling.py::test_sample_weights_are_honored_statistically PASSED [ 96%]
tests/test_sampling.py::test_empty_table_returns_empty_batch PASSED      [100%]

============================== 30 passed in 1.56s ==============================
