============================= test session starts ==============================
platform darwin -- Python 3.14.4, pytest-9.1.1, pluggy-1.6.0 -- /Users/jaymebird/source/replayhouse/.venv/bin/python3.14
cachedir: .pytest_cache
rootdir: /Users/jaymebird/source/replayhouse
configfile: pyproject.toml
collecting ... collected 55 items

tests/test_backend.py::test_parse_url_chdb PASSED                        [  1%]
tests/test_backend.py::test_parse_url_clickhouse_defaults PASSED         [  3%]
tests/test_backend.py::test_parse_url_clickhouse_secure_with_creds PASSED [  5%]
tests/test_backend.py::test_parse_url_rejects_unknown_scheme PASSED      [  7%]
tests/test_backend.py::test_chdb_roundtrip_rows_and_json PASSED          [  9%]
tests/test_backend.py::test_chdb_query_arrow PASSED                      [ 10%]
tests/test_backend.py::test_chdb_insert_empty_is_noop PASSED             [ 12%]
tests/test_backend.py::test_chdb_bad_sql_raises PASSED                   [ 14%]
tests/test_backend.py::test_backend_from_url_returns_chdb_backend PASSED [ 16%]
tests/test_backend.py::test_clickhouse_backend_wraps_query_errors PASSED [ 18%]
tests/test_ddl.py::test_validate_name_rejects_injection PASSED           [ 20%]
tests/test_ddl.py::test_parse_size PASSED                                [ 21%]
tests/test_ddl.py::test_create_makes_main_and_sidecar_with_config PASSED [ 23%]
tests/test_ddl.py::test_create_rejects_reserved_and_bad_columns PASSED   [ 25%]
tests/test_ddl.py::test_create_rejects_priority_column PASSED            [ 27%]
tests/test_ddl.py::test_drop_removes_both_tables PASSED                  [ 29%]
tests/test_ddl.py::test_create_rolls_back_main_table_on_sidecar_failure PASSED [ 30%]
tests/test_end_to_end.py::test_bandit_loop_converges PASSED              [ 32%]
tests/test_end_to_end.py::test_full_lifecycle PASSED                     [ 34%]
tests/test_eviction.py::test_evict_noop_without_capacity PASSED          [ 36%]
tests/test_eviction.py::test_fifo_drops_oldest_partitions PASSED         [ 38%]
tests/test_eviction.py::test_fifo_never_drops_last_partition PASSED      [ 40%]
tests/test_eviction.py::test_lowest_priority_deletes_bottom_rows PASSED  [ 41%]
tests/test_eviction.py::test_evict_cleans_orphans_even_when_under_capacity PASSED [ 43%]
tests/test_eviction.py::test_lowest_priority_evicts_to_capacity_despite_preexisting_orphans PASSED [ 45%]
tests/test_ids.py::test_uuid7_is_valid_uuid_version_7 PASSED             [ 47%]
tests/test_ids.py::test_uuid7_is_unique PASSED                           [ 49%]
tests/test_insert.py::test_insert_writes_main_and_sidecar PASSED         [ 50%]
tests/test_insert.py::test_insert_default_and_explicit_priority PASSED   [ 52%]
tests/test_insert.py::test_insert_preserves_provided_ids PASSED          [ 54%]
tests/test_insert.py::test_insert_accepts_pandas PASSED                  [ 56%]
tests/test_insert.py::test_insert_rejects_garbage PASSED                 [ 58%]
tests/test_priorities.py::test_update_priorities_latest_version_wins PASSED [ 60%]
tests/test_priorities.py::test_zeroed_priority_removes_from_sampling PASSED [ 61%]
tests/test_priorities.py::test_update_length_mismatch_raises PASSED      [ 63%]
tests/test_priorities.py::test_compact_collapses_versions PASSED         [ 65%]
tests/test_priorities.py::test_compact_validates_sidecar PASSED          [ 67%]
tests/test_priorities.py::test_update_priorities_validates_sidecar PASSED [ 69%]
tests/test_sampling.py::test_phase1_sql_default_uses_sidecar_only PASSED [ 70%]
tests/test_sampling.py::test_phase1_sql_where_adds_semijoin PASSED       [ 72%]
tests/test_sampling.py::test_phase1_sql_main_column_skips_sidecar PASSED [ 74%]
tests/test_sampling.py::test_phase1_sql_mixed_expression_joins PASSED    [ 76%]
tests/test_sampling.py::test_validate_ids PASSED                         [ 78%]
tests/test_sampling.py::test_sample_without_replacement_and_k PASSED     [ 80%]
tests/test_sampling.py::test_sample_more_than_population_returns_all PASSED [ 81%]
tests/test_sampling.py::test_sample_excludes_nonpositive_priority PASSED [ 83%]
tests/test_sampling.py::test_sample_respects_where PASSED                [ 85%]
tests/test_sampling.py::test_sample_by_main_column PASSED                [ 87%]
tests/test_sampling.py::test_sample_weights_are_honored_statistically PASSED [ 89%]
tests/test_sampling.py::test_empty_table_returns_empty_batch PASSED      [ 90%]
tests/test_stratify.py::test_stratified_even_coverage_across_skewed_groups PASSED [ 92%]
tests/test_stratify.py::test_stratified_respects_where PASSED            [ 94%]
tests/test_stratify.py::test_stratified_by_main_column PASSED            [ 96%]
tests/test_stratify.py::test_stratified_empty_filter_returns_empty PASSED [ 98%]
tests/test_stratify.py::test_stratified_rejects_injection PASSED         [100%]

============================== 55 passed in 2.11s ==============================
